C51 COMPILER V9.01   MOPHONG                                                               11/28/2021 09:21:57 PAGE 1   


C51 COMPILER V9.01, COMPILATION OF MODULE MOPHONG
OBJECT MODULE PLACED IN mophong.OBJ
COMPILER INVOKED BY: C:\Keil\C51\BIN\C51.EXE mophong.c BROWSE DEBUG OBJECTEXTEND

line level    source

   1          #include<REGX51.H>
   2          
   3          sbit pwm_out=P3^0;
   4          unsigned char pwm_duty;
   5          unsigned char count_int;
   6          sbit LCD_RS=P2^0;
   7          sbit LCD_RW=P2^1;
   8          sbit LCD_EN=P2^2;
   9          sbit LCD_D4=P2^4;
  10          sbit LCD_D5=P2^5;
  11          sbit LCD_D6=P2^6;
  12          sbit LCD_D7=P2^7;
  13          unsigned int count=0,a=0,b=0,f=0,t=0,x=0;
  14          
  15          void delay_us(unsigned int t){
  16   1                   unsigned int i;
  17   1                               for(i=0;i<t;i++);
  18   1      }
  19          
  20          void delay_ms(unsigned int t){
  21   1                   unsigned int i,j;
  22   1                               for(i=0;i<t;i++)
  23   1                               for(j=0;j<125;j++);}
  24          
  25          void LCD_Enable(void){
  26   1               LCD_EN=1;
  27   1                       delay_us(3);
  28   1                       LCD_EN=0;
  29   1                       delay_us(50);
  30   1      }
  31          
  32          void LCD_Send4Bit(unsigned char Data){
  33   1               LCD_D4=Data & 0x01;
  34   1                       LCD_D5=(Data>>1)&1;
  35   1                       LCD_D6=(Data>>2)&1;
  36   1                       LCD_D7=(Data>>3)&1;
  37   1      }
  38          
  39          void LCD_SendCommand(unsigned char command){
  40   1               LCD_Send4Bit(command>>4);
  41   1                       LCD_Enable();
  42   1                       LCD_Send4Bit(command);
  43   1                       LCD_Enable();
  44   1      }
  45          
  46          void LCD_Clear(){
  47   1               LCD_SendCommand(0x01);
  48   1                       delay_us(10);
  49   1      }
  50          
  51          void LCD_Init(){
  52   1               LCD_Send4Bit(0x00);
  53   1                       delay_ms(20);
  54   1                       LCD_RS=0;
  55   1                       LCD_RW=0;
C51 COMPILER V9.01   MOPHONG                                                               11/28/2021 09:21:57 PAGE 2   

  56   1                       LCD_Send4Bit(0x03);
  57   1                       LCD_Enable();
  58   1                       delay_ms(5);
  59   1                       LCD_Enable();
  60   1                       delay_us(100);
  61   1                       LCD_Enable();
  62   1                       LCD_Send4Bit(0x02);     //di chuyen con tro ve dau man hinh
  63   1                       LCD_Enable();
  64   1                       LCD_SendCommand(0x28);   //giao tiep 4 bit
  65   1                       LCD_SendCommand(0x0c);   //bat hien thi va tat con tro
  66   1                       LCD_SendCommand(0x06);   //Tu dong di chuyen con tro sang vi tri ke tiep khi xuat ra LCD 1 ky tu
  67   1                       LCD_SendCommand(0x01);   //Xoa man hinh
  68   1      }
  69          
  70          void LCD_Gotoxy(unsigned char x, unsigned char y){
  71   1               unsigned char address;
  72   1                       if(!y)address=(0x80+x);
  73   1                       else address=(0xc0+x);
  74   1                       delay_us(1000);
  75   1                       LCD_SendCommand(address);
  76   1                       delay_us(50);
  77   1      }
  78          
  79          void LCD_PutChar(unsigned char Data){
  80   1               LCD_RS=1;
  81   1                       LCD_SendCommand(Data);
  82   1                       LCD_RS=0;
  83   1      }
  84          
  85          void LCD_Puts(char *s){
  86   1               while(*s){
  87   2                           LCD_PutChar(*s);
  88   2                               s++;
  89   2                                    }
  90   1      }
  91          
  92          void LCD_Number(unsigned long number, unsigned char leng){
  93   1      unsigned char i;
  94   1      char CacKyTu[20];
  95   1      unsigned char temp;
  96   1              
  97   1                      for(i=0;i<leng;i++)
  98   1                      {
  99   2                       temp=number%10;
 100   2                       number=number/10;
 101   2                       CacKyTu[i]=temp;
 102   2                      }
 103   1                      for(i=0;i<leng;i++)
 104   1                      {
 105   2                       LCD_RS=1;
 106   2                       LCD_SendCommand(CacKyTu[leng-1-i] + 48);
 107   2                       LCD_RS=0;
 108   2                      }
 109   1                       
 110   1      }
 111          
 112          void phai()
 113          {
 114   1            if(P1_0==0)
 115   1                {
 116   2                 while(P1_0==0);
 117   2                 P3_4=1;
C51 COMPILER V9.01   MOPHONG                                                               11/28/2021 09:21:57 PAGE 3   

 118   2                 P3_5=1;
 119   2                 P3_6=0;
 120   2                 P3_7=0;
 121   2                 TR0=1;
 122   2                 LCD_Gotoxy(0,0);
 123   2                 LCD_Puts("Phai");
 124   2                }
 125   1      }
 126          
 127          void trai()
 128          {
 129   1            if(P1_1==0)
 130   1                {
 131   2                 while(P1_1==0);
 132   2                 P3_6=1;
 133   2                 P3_7=1;
 134   2                 P3_4=0;
 135   2                 P3_5=0;
 136   2                 TR0=1;
 137   2                 LCD_Gotoxy(0,0);
 138   2                 LCD_Puts("Trai");
 139   2                }
 140   1      }
 141          
 142          void dung()
 143          {
 144   1           if(P1_2==0)
 145   1               {
 146   2                while(P1_2==0);
 147   2                TR0=0;
 148   2                P3_4=0;
 149   2                P3_5=0;
 150   2                P3_6=0;
 151   2                P3_7=0;
 152   2                LCD_Gotoxy(0,0);
 153   2                LCD_Puts("Stop");
 154   2               }
 155   1      }
 156          
 157          void nhanh()
 158          {
 159   1           if(P1_3==0)
 160   1               {
 161   2                while(P1_3==0);
 162   2                if(pwm_duty<100)
 163   2                 pwm_duty++;
 164   2                else
 165   2                 pwm_duty=100;
 166   2               }
 167   1      }
 168          
 169          void cham()
 170          {
 171   1           if(P1_4==0)
 172   1               {
 173   2                while(P1_4==0);
 174   2                if(pwm_duty>1)
 175   2                 pwm_duty--;
 176   2                else
 177   2                 pwm_duty=1;
 178   2           }
 179   1      }
C51 COMPILER V9.01   MOPHONG                                                               11/28/2021 09:21:57 PAGE 4   

 180          
 181          void cap1()
 182          {
 183   1           if(P1_5==0)
 184   1               {
 185   2                while(P1_5==0);
 186   2                pwm_duty=10;
 187   2               }
 188   1      }
 189          
 190          void cap2()
 191          {
 192   1           if(P1_6==0)
 193   1               {
 194   2                while(P1_6==0);
 195   2                pwm_duty=100;
 196   2               }
 197   1      }
 198          
 199          void main(){
 200   1              P3_4=0;
 201   1                  P3_5=0;
 202   1                  P3_6=0;
 203   1                  P3_7=0;
 204   1              TMOD=0x12;
 205   1                      TH0=-100;
 206   1                      ET1=1;
 207   1                      ET0=1;
 208   1                      EX0=1;
 209   1                      IT0=1;
 210   1                      TR0=1;
 211   1                      TR1=1;
 212   1                      EA=1;
 213   1                      pwm_duty=50;
 214   1                      LCD_Init();
 215   1                      LCD_Gotoxy(0,0);
 216   1                      LCD_Puts("Stop");
 217   1                  while(1){
 218   2                              phai();
 219   2                                      trai();
 220   2                                      dung();
 221   2                                      nhanh();
 222   2                                      cham();
 223   2                                      cap1();
 224   2                                      cap2();
 225   2                              LCD_Gotoxy(0,1);
 226   2                                      LCD_Puts("Toc do:");
 227   2                                      LCD_Gotoxy(5,0);
 228   2                                      LCD_Puts(" %PWM");
 229   2                                      LCD_Gotoxy(11,0);
 230   2                                      LCD_Number(pwm_duty,3);
 231   2                              LCD_Gotoxy(7,1);
 232   2                                      LCD_Number(f,4);
 233   2                                      LCD_Gotoxy(11,1);
 234   2                                      LCD_Puts("v/p");
 235   2                                  }
 236   1      }
 237          
 238          void timer0(void) interrupt 1
 239          {
 240   1            count_int++;
 241   1                if(count_int==100)
C51 COMPILER V9.01   MOPHONG                                                               11/28/2021 09:21:57 PAGE 5   

 242   1                count_int=0;
 243   1                if(count_int<pwm_duty)
 244   1                pwm_out=1;
 245   1                else
 246   1                pwm_out=0;
 247   1      }
 248          
 249          void demxung(void) interrupt 0 
 250          {
 251   1             count++;
 252   1      }
 253          
 254          void timer1(void) interrupt 3 
 255          {
 256   1                 t++;
 257   1             TH1=0xfc;
 258   1                 TL1=0x18;
 259   1                 TR1=1;
 260   1                 if(t==1000)
 261   1                 {
 262   2                  x=count;
 263   2                      count=0;
 264   2                      t=0;
 265   2                      a=x*2.4247;
 266   2                      f=(a+b)/2.035;
 267   2                      b=a;
 268   2             }
 269   1      }
 270          
 271          
 272          
 273          
 274                  
 275                                                          
 276          
 277          


MODULE INFORMATION:   STATIC OVERLAYABLE
   CODE SIZE        =    891    ----
   CONSTANT SIZE    =     33    ----
   XDATA SIZE       =   ----    ----
   PDATA SIZE       =   ----    ----
   DATA SIZE        =     14      30
   IDATA SIZE       =   ----    ----
   BIT SIZE         =   ----    ----
END OF MODULE INFORMATION.


C51 COMPILATION COMPLETE.  0 WARNING(S),  0 ERROR(S)
